<?xml version="1.0" encoding="UTF-8"?>
<!-- Generated by org.testng.reporters.JUnitXMLReporter -->
<testsuite ignored="0" hostname="MININT-DPNQ1NL" failures="0" tests="4" name="Default test" time="29.273" errors="0" timestamp="2021-10-19T22:35:52 IST">
  <testcase classname="TestLayer.MultipleUsers" name="validateMultipleUsers" time="7.944"/>
  <testcase classname="TestLayer.MultipleUsers" name="validateMultipleUsers" time="7.549"/>
  <testcase classname="TestLayer.MultipleUsers" name="validateMultipleUsers" time="5.96"/>
  <testcase classname="TestLayer.MultipleUsers" name="validateMultipleUsers" time="7.239"/>
</testsuite> <!-- Default test -->
