<?xml version="1.0" encoding="UTF-8"?>
<testng-results ignored="0" total="4" passed="4" failed="0" skipped="0">
  <reporter-output>
  </reporter-output>
  <suite started-at="2021-10-19T22:35:23 IST" name="Default suite" finished-at="2021-10-19T22:35:52 IST" duration-ms="29273">
    <groups>
    </groups>
    <test started-at="2021-10-19T22:35:23 IST" name="Default test" finished-at="2021-10-19T22:35:52 IST" duration-ms="29273">
      <class name="TestLayer.MultipleUsers">
        <test-method signature="validateMultipleUsers(java.lang.String, java.lang.String)[pri:0, instance:TestLayer.MultipleUsers@36b4fe2a]" started-at="2021-10-19T22:35:24 IST" name="validateMultipleUsers" data-provider="Guru99" finished-at="2021-10-19T22:35:32 IST" duration-ms="7944" status="PASS">
          <params>
            <param index="0">
              <value>
                <![CDATA[abc213]]>
              </value>
            </param>
            <param index="1">
              <value>
                <![CDATA[bAqazUh]]>
              </value>
            </param>
          </params>
          <reporter-output>
          </reporter-output>
        </test-method> <!-- validateMultipleUsers -->
        <test-method signature="validateMultipleUsers(java.lang.String, java.lang.String)[pri:0, instance:TestLayer.MultipleUsers@36b4fe2a]" started-at="2021-10-19T22:35:32 IST" name="validateMultipleUsers" data-provider="Guru99" finished-at="2021-10-19T22:35:39 IST" duration-ms="7549" status="PASS">
          <params>
            <param index="0">
              <value>
                <![CDATA[mngr360179]]>
              </value>
            </param>
            <param index="1">
              <value>
                <![CDATA[bAqazUj]]>
              </value>
            </param>
          </params>
          <reporter-output>
          </reporter-output>
        </test-method> <!-- validateMultipleUsers -->
        <test-method signature="validateMultipleUsers(java.lang.String, java.lang.String)[pri:0, instance:TestLayer.MultipleUsers@36b4fe2a]" started-at="2021-10-19T22:35:39 IST" name="validateMultipleUsers" data-provider="Guru99" finished-at="2021-10-19T22:35:45 IST" duration-ms="5960" status="PASS">
          <params>
            <param index="0">
              <value>
                <![CDATA[xyz245]]>
              </value>
            </param>
            <param index="1">
              <value>
                <![CDATA[klarlfF]]>
              </value>
            </param>
          </params>
          <reporter-output>
          </reporter-output>
        </test-method> <!-- validateMultipleUsers -->
        <test-method signature="validateMultipleUsers(java.lang.String, java.lang.String)[pri:0, instance:TestLayer.MultipleUsers@36b4fe2a]" started-at="2021-10-19T22:35:45 IST" name="validateMultipleUsers" data-provider="Guru99" finished-at="2021-10-19T22:35:52 IST" duration-ms="7239" status="PASS">
          <params>
            <param index="0">
              <value>
                <![CDATA[mngr360179]]>
              </value>
            </param>
            <param index="1">
              <value>
                <![CDATA[bAqazUh]]>
              </value>
            </param>
          </params>
          <reporter-output>
          </reporter-output>
        </test-method> <!-- validateMultipleUsers -->
      </class> <!-- TestLayer.MultipleUsers -->
    </test> <!-- Default test -->
  </suite> <!-- Default suite -->
</testng-results>
